  [1m[35m (0.2ms)[0m  [1m[34mSELECT sqlite_version(*)[0m
  ↳ /Users/karlarobinson/.rvm/gems/ruby-2.5.1/gems/rake-12.3.1/lib/rake/task.rb:271
  [1m[35m (3.4ms)[0m  [1m[35mCREATE TABLE "schema_migrations" ("version" varchar NOT NULL PRIMARY KEY)[0m
  ↳ /Users/karlarobinson/.rvm/gems/ruby-2.5.1/gems/rake-12.3.1/lib/rake/task.rb:271
  [1m[35m (4.7ms)[0m  [1m[35mCREATE TABLE "ar_internal_metadata" ("key" varchar NOT NULL PRIMARY KEY, "value" varchar, "created_at" datetime NOT NULL, "updated_at" datetime NOT NULL)[0m
  ↳ /Users/karlarobinson/.rvm/gems/ruby-2.5.1/gems/rake-12.3.1/lib/rake/task.rb:271
  [1m[35m (0.2ms)[0m  [1m[34mSELECT "schema_migrations"."version" FROM "schema_migrations" ORDER BY "schema_migrations"."version" ASC[0m
  ↳ /Users/karlarobinson/.rvm/gems/ruby-2.5.1/gems/rake-12.3.1/lib/rake/task.rb:271
  [1m[35m (0.1ms)[0m  [1m[34mSELECT "schema_migrations"."version" FROM "schema_migrations" ORDER BY "schema_migrations"."version" ASC[0m
  ↳ /Users/karlarobinson/.rvm/gems/ruby-2.5.1/gems/rake-12.3.1/lib/rake/task.rb:271
  [1m[35m (0.1ms)[0m  [1m[34mSELECT "schema_migrations"."version" FROM "schema_migrations" ORDER BY "schema_migrations"."version" ASC[0m
  ↳ /Users/karlarobinson/.rvm/gems/ruby-2.5.1/gems/rake-12.3.1/lib/rake/task.rb:271
  [1m[35m (0.1ms)[0m  [1m[34mSELECT "schema_migrations"."version" FROM "schema_migrations" ORDER BY "schema_migrations"."version" ASC[0m
  ↳ /Users/karlarobinson/.rvm/gems/ruby-2.5.1/gems/rake-12.3.1/lib/rake/task.rb:271
  [1m[35m (0.1ms)[0m  [1m[34mSELECT "schema_migrations"."version" FROM "schema_migrations" ORDER BY "schema_migrations"."version" ASC[0m
  ↳ /Users/karlarobinson/.rvm/gems/ruby-2.5.1/gems/rake-12.3.1/lib/rake/task.rb:271
  [1m[35m (0.1ms)[0m  [1m[34mSELECT "schema_migrations"."version" FROM "schema_migrations" ORDER BY "schema_migrations"."version" ASC[0m
  ↳ /Users/karlarobinson/.rvm/gems/ruby-2.5.1/gems/rake-12.3.1/lib/rake/task.rb:271
  [1m[35m (0.2ms)[0m  [1m[34mSELECT "schema_migrations"."version" FROM "schema_migrations" ORDER BY "schema_migrations"."version" ASC[0m
  ↳ db/schema.rb:13
  [1m[35m (3.1ms)[0m  [1m[32mINSERT INTO "schema_migrations" (version) VALUES (0)[0m
  ↳ db/schema.rb:13
  [1m[36mActiveRecord::InternalMetadata Load (0.4ms)[0m  [1m[34mSELECT  "ar_internal_metadata".* FROM "ar_internal_metadata" WHERE "ar_internal_metadata"."key" = ? LIMIT ?[0m  [["key", "environment"], ["LIMIT", 1]]
  ↳ db/schema.rb:13
  [1m[35m (0.1ms)[0m  [1m[36mbegin transaction[0m
  ↳ db/schema.rb:13
  [1m[36mActiveRecord::InternalMetadata Create (0.3ms)[0m  [1m[32mINSERT INTO "ar_internal_metadata" ("key", "value", "created_at", "updated_at") VALUES (?, ?, ?, ?)[0m  [["key", "environment"], ["value", "development"], ["created_at", "2018-09-01 23:51:53.741139"], ["updated_at", "2018-09-01 23:51:53.741139"]]
  ↳ db/schema.rb:13
  [1m[35m (1.9ms)[0m  [1m[36mcommit transaction[0m
  ↳ db/schema.rb:13
  [1m[36mActiveRecord::InternalMetadata Load (0.1ms)[0m  [1m[34mSELECT  "ar_internal_metadata".* FROM "ar_internal_metadata" WHERE "ar_internal_metadata"."key" = ? LIMIT ?[0m  [["key", "environment"], ["LIMIT", 1]]
  ↳ /Users/karlarobinson/.rvm/gems/ruby-2.5.1/gems/rake-12.3.1/lib/rake/task.rb:271
  [1m[35m (0.1ms)[0m  [1m[36mbegin transaction[0m
  ↳ /Users/karlarobinson/.rvm/gems/ruby-2.5.1/gems/rake-12.3.1/lib/rake/task.rb:271
  [1m[35m (0.1ms)[0m  [1m[36mcommit transaction[0m
  ↳ /Users/karlarobinson/.rvm/gems/ruby-2.5.1/gems/rake-12.3.1/lib/rake/task.rb:271
  [1m[35m (0.1ms)[0m  [1m[34mSELECT sqlite_version(*)[0m
  ↳ db/schema.rb:13
  [1m[35m (2.9ms)[0m  [1m[35mCREATE TABLE "schema_migrations" ("version" varchar NOT NULL PRIMARY KEY)[0m
  ↳ db/schema.rb:13
  [1m[35m (0.5ms)[0m  [1m[34mSELECT "schema_migrations"."version" FROM "schema_migrations" ORDER BY "schema_migrations"."version" ASC[0m
  ↳ db/schema.rb:13
  [1m[35m (2.5ms)[0m  [1m[32mINSERT INTO "schema_migrations" (version) VALUES (0)[0m
  ↳ db/schema.rb:13
  [1m[35m (3.1ms)[0m  [1m[35mCREATE TABLE "ar_internal_metadata" ("key" varchar NOT NULL PRIMARY KEY, "value" varchar, "created_at" datetime NOT NULL, "updated_at" datetime NOT NULL)[0m
  ↳ db/schema.rb:13
  [1m[36mActiveRecord::InternalMetadata Load (0.3ms)[0m  [1m[34mSELECT  "ar_internal_metadata".* FROM "ar_internal_metadata" WHERE "ar_internal_metadata"."key" = ? LIMIT ?[0m  [["key", "environment"], ["LIMIT", 1]]
  ↳ db/schema.rb:13
  [1m[35m (0.1ms)[0m  [1m[36mbegin transaction[0m
  ↳ db/schema.rb:13
  [1m[36mActiveRecord::InternalMetadata Create (1.2ms)[0m  [1m[32mINSERT INTO "ar_internal_metadata" ("key", "value", "created_at", "updated_at") VALUES (?, ?, ?, ?)[0m  [["key", "environment"], ["value", "development"], ["created_at", "2018-09-01 23:51:53.783909"], ["updated_at", "2018-09-01 23:51:53.783909"]]
  ↳ db/schema.rb:13
  [1m[35m (2.2ms)[0m  [1m[36mcommit transaction[0m
  ↳ db/schema.rb:13
  [1m[36mActiveRecord::InternalMetadata Load (0.1ms)[0m  [1m[34mSELECT  "ar_internal_metadata".* FROM "ar_internal_metadata" WHERE "ar_internal_metadata"."key" = ? LIMIT ?[0m  [["key", "environment"], ["LIMIT", 1]]
  ↳ /Users/karlarobinson/.rvm/gems/ruby-2.5.1/gems/rake-12.3.1/lib/rake/task.rb:271
  [1m[35m (0.0ms)[0m  [1m[36mbegin transaction[0m
  ↳ /Users/karlarobinson/.rvm/gems/ruby-2.5.1/gems/rake-12.3.1/lib/rake/task.rb:271
  [1m[36mActiveRecord::InternalMetadata Update (0.3ms)[0m  [1m[33mUPDATE "ar_internal_metadata" SET "value" = ?, "updated_at" = ? WHERE "ar_internal_metadata"."key" = ?[0m  [["value", "test"], ["updated_at", "2018-09-01 23:51:53.791541"], ["key", "environment"]]
  ↳ /Users/karlarobinson/.rvm/gems/ruby-2.5.1/gems/rake-12.3.1/lib/rake/task.rb:271
  [1m[35m (2.1ms)[0m  [1m[36mcommit transaction[0m
  ↳ /Users/karlarobinson/.rvm/gems/ruby-2.5.1/gems/rake-12.3.1/lib/rake/task.rb:271
  [1m[35m (0.1ms)[0m  [1m[34mSELECT "schema_migrations"."version" FROM "schema_migrations" ORDER BY "schema_migrations"."version" ASC[0m
  ↳ /Users/karlarobinson/.rvm/gems/ruby-2.5.1/gems/rake-12.3.1/lib/rake/task.rb:271
  [1m[35m (1.4ms)[0m  [1m[34mSELECT "schema_migrations"."version" FROM "schema_migrations" ORDER BY "schema_migrations"."version" ASC[0m
  ↳ /Users/karlarobinson/.rvm/gems/ruby-2.5.1/gems/rake-12.3.1/lib/rake/task.rb:271
Migrating to CreateCompanies (20180901233512)
  [1m[35m (0.1ms)[0m  [1m[36mbegin transaction[0m
  ↳ /Users/karlarobinson/.rvm/gems/ruby-2.5.1/gems/rake-12.3.1/lib/rake/task.rb:271
  [1m[35m (0.2ms)[0m  [1m[34mSELECT sqlite_version(*)[0m
  ↳ db/migrate/20180901233512_create_companies.rb:3
  [1m[35m (1.1ms)[0m  [1m[35mCREATE TABLE "companies" ("id" integer PRIMARY KEY AUTOINCREMENT NOT NULL, "name" varchar, "category" varchar, "activated" boolean DEFAULT 0, "created_at" datetime NOT NULL, "updated_at" datetime NOT NULL)[0m
  ↳ db/migrate/20180901233512_create_companies.rb:3
  [1m[36mActiveRecord::SchemaMigration Create (1.8ms)[0m  [1m[32mINSERT INTO "schema_migrations" ("version") VALUES (?)[0m  [["version", "20180901233512"]]
  ↳ /Users/karlarobinson/.rvm/gems/ruby-2.5.1/gems/rake-12.3.1/lib/rake/task.rb:271
  [1m[35m (2.6ms)[0m  [1m[36mcommit transaction[0m
  ↳ /Users/karlarobinson/.rvm/gems/ruby-2.5.1/gems/rake-12.3.1/lib/rake/task.rb:271
Migrating to CreateCharges (20180901233919)
  [1m[35m (0.1ms)[0m  [1m[36mbegin transaction[0m
  ↳ /Users/karlarobinson/.rvm/gems/ruby-2.5.1/gems/rake-12.3.1/lib/rake/task.rb:271
  [1m[35m (0.8ms)[0m  [1m[35mCREATE TABLE "charges" ("id" integer PRIMARY KEY AUTOINCREMENT NOT NULL, "amount" integer, "payment_type" varchar, "detail" varchar, "company_id" integer, "created_at" datetime NOT NULL, "updated_at" datetime NOT NULL, CONSTRAINT "fk_rails_0c4e0bbbf9"
FOREIGN KEY ("company_id")
  REFERENCES "companies" ("id")
)[0m
  ↳ db/migrate/20180901233919_create_charges.rb:3
  [1m[35m (0.2ms)[0m  [1m[35mCREATE  INDEX "index_charges_on_company_id" ON "charges" ("company_id")[0m
  ↳ db/migrate/20180901233919_create_charges.rb:3
  [1m[36mActiveRecord::SchemaMigration Create (0.4ms)[0m  [1m[32mINSERT INTO "schema_migrations" ("version") VALUES (?)[0m  [["version", "20180901233919"]]
  ↳ /Users/karlarobinson/.rvm/gems/ruby-2.5.1/gems/rake-12.3.1/lib/rake/task.rb:271
  [1m[35m (2.2ms)[0m  [1m[36mcommit transaction[0m
  ↳ /Users/karlarobinson/.rvm/gems/ruby-2.5.1/gems/rake-12.3.1/lib/rake/task.rb:271
Migrating to CreateCustomers (20180901233932)
  [1m[35m (0.1ms)[0m  [1m[36mbegin transaction[0m
  ↳ /Users/karlarobinson/.rvm/gems/ruby-2.5.1/gems/rake-12.3.1/lib/rake/task.rb:271
  [1m[35m (0.6ms)[0m  [1m[35mCREATE TABLE "customers" ("id" integer PRIMARY KEY AUTOINCREMENT NOT NULL, "name" varchar, "email" varchar, "company_id" integer, "created_at" datetime NOT NULL, "updated_at" datetime NOT NULL, CONSTRAINT "fk_rails_ef51a916ef"
FOREIGN KEY ("company_id")
  REFERENCES "companies" ("id")
)[0m
  ↳ db/migrate/20180901233932_create_customers.rb:3
  [1m[35m (0.1ms)[0m  [1m[35mCREATE  INDEX "index_customers_on_company_id" ON "customers" ("company_id")[0m
  ↳ db/migrate/20180901233932_create_customers.rb:3
  [1m[36mActiveRecord::SchemaMigration Create (0.2ms)[0m  [1m[32mINSERT INTO "schema_migrations" ("version") VALUES (?)[0m  [["version", "20180901233932"]]
  ↳ /Users/karlarobinson/.rvm/gems/ruby-2.5.1/gems/rake-12.3.1/lib/rake/task.rb:271
  [1m[35m (1.8ms)[0m  [1m[36mcommit transaction[0m
  ↳ /Users/karlarobinson/.rvm/gems/ruby-2.5.1/gems/rake-12.3.1/lib/rake/task.rb:271
  [1m[36mActiveRecord::InternalMetadata Load (1.9ms)[0m  [1m[34mSELECT  "ar_internal_metadata".* FROM "ar_internal_metadata" WHERE "ar_internal_metadata"."key" = ? LIMIT ?[0m  [["key", "environment"], ["LIMIT", 1]]
  ↳ /Users/karlarobinson/.rvm/gems/ruby-2.5.1/gems/rake-12.3.1/lib/rake/task.rb:271
  [1m[35m (0.1ms)[0m  [1m[36mbegin transaction[0m
  ↳ /Users/karlarobinson/.rvm/gems/ruby-2.5.1/gems/rake-12.3.1/lib/rake/task.rb:271
  [1m[35m (0.0ms)[0m  [1m[36mcommit transaction[0m
  ↳ /Users/karlarobinson/.rvm/gems/ruby-2.5.1/gems/rake-12.3.1/lib/rake/task.rb:271
  [1m[35m (0.1ms)[0m  [1m[34mSELECT "schema_migrations"."version" FROM "schema_migrations" ORDER BY "schema_migrations"."version" ASC[0m
  ↳ /Users/karlarobinson/.rvm/gems/ruby-2.5.1/gems/rake-12.3.1/lib/rake/task.rb:271
  [1m[35m (0.3ms)[0m  [1m[34mSELECT "schema_migrations"."version" FROM "schema_migrations" ORDER BY "schema_migrations"."version" ASC[0m
  ↳ /Users/karlarobinson/.rvm/gems/ruby-2.5.1/gems/rake-12.3.1/lib/rake/task.rb:271
  [1m[36mActiveRecord::InternalMetadata Load (1.6ms)[0m  [1m[34mSELECT  "ar_internal_metadata".* FROM "ar_internal_metadata" WHERE "ar_internal_metadata"."key" = ? LIMIT ?[0m  [["key", "environment"], ["LIMIT", 1]]
  ↳ /Users/karlarobinson/.rvm/gems/ruby-2.5.1/gems/rake-12.3.1/lib/rake/task.rb:271
  [1m[35m (0.1ms)[0m  [1m[36mbegin transaction[0m
  ↳ /Users/karlarobinson/.rvm/gems/ruby-2.5.1/gems/rake-12.3.1/lib/rake/task.rb:271
  [1m[35m (0.0ms)[0m  [1m[36mcommit transaction[0m
  ↳ /Users/karlarobinson/.rvm/gems/ruby-2.5.1/gems/rake-12.3.1/lib/rake/task.rb:271
  [1m[35m (0.1ms)[0m  [1m[34mSELECT "schema_migrations"."version" FROM "schema_migrations" ORDER BY "schema_migrations"."version" ASC[0m
  ↳ /Users/karlarobinson/.rvm/gems/ruby-2.5.1/gems/rake-12.3.1/lib/rake/task.rb:271
Started GET "/todos/3/items/4" for 127.0.0.1 at 2018-09-01 21:29:44 -0500
  [1m[35m (1.6ms)[0m  [1m[34mSELECT "schema_migrations"."version" FROM "schema_migrations" ORDER BY "schema_migrations"."version" ASC[0m
  ↳ /Users/karlarobinson/.rvm/gems/ruby-2.5.1/gems/puma-3.12.0/lib/puma/configuration.rb:225
  
ActionController::RoutingError (No route matches [GET] "/todos/3/items/4"):
  
actionpack (5.2.1) lib/action_dispatch/middleware/debug_exceptions.rb:65:in `call'
actionpack (5.2.1) lib/action_dispatch/middleware/show_exceptions.rb:33:in `call'
railties (5.2.1) lib/rails/rack/logger.rb:38:in `call_app'
railties (5.2.1) lib/rails/rack/logger.rb:26:in `block in call'
activesupport (5.2.1) lib/active_support/tagged_logging.rb:71:in `block in tagged'
activesupport (5.2.1) lib/active_support/tagged_logging.rb:28:in `tagged'
activesupport (5.2.1) lib/active_support/tagged_logging.rb:71:in `tagged'
railties (5.2.1) lib/rails/rack/logger.rb:26:in `call'
actionpack (5.2.1) lib/action_dispatch/middleware/remote_ip.rb:81:in `call'
actionpack (5.2.1) lib/action_dispatch/middleware/request_id.rb:27:in `call'
rack (2.0.5) lib/rack/runtime.rb:22:in `call'
activesupport (5.2.1) lib/active_support/cache/strategy/local_cache_middleware.rb:29:in `call'
actionpack (5.2.1) lib/action_dispatch/middleware/executor.rb:14:in `call'
actionpack (5.2.1) lib/action_dispatch/middleware/static.rb:127:in `call'
rack (2.0.5) lib/rack/sendfile.rb:111:in `call'
railties (5.2.1) lib/rails/engine.rb:524:in `call'
puma (3.12.0) lib/puma/configuration.rb:225:in `call'
puma (3.12.0) lib/puma/server.rb:658:in `handle_request'
puma (3.12.0) lib/puma/server.rb:472:in `process_client'
puma (3.12.0) lib/puma/server.rb:332:in `block in run'
puma (3.12.0) lib/puma/thread_pool.rb:133:in `block in spawn_thread'
Started GET "/" for 127.0.0.1 at 2018-09-01 21:29:51 -0500
Processing by Rails::WelcomeController#index as HTML
  Rendering /Users/karlarobinson/.rvm/rubies/ruby-2.5.1/lib/ruby/gems/2.5.0/gems/railties-5.2.1/lib/rails/templates/rails/welcome/index.html.erb
  Rendered /Users/karlarobinson/.rvm/rubies/ruby-2.5.1/lib/ruby/gems/2.5.0/gems/railties-5.2.1/lib/rails/templates/rails/welcome/index.html.erb (2.0ms)
Completed 200 OK in 35ms (Views: 5.0ms | ActiveRecord: 0.0ms)


  [1m[35m (1.5ms)[0m  [1m[34mSELECT "schema_migrations"."version" FROM "schema_migrations" ORDER BY "schema_migrations"."version" ASC[0m
  ↳ /Users/karlarobinson/.rvm/gems/ruby-2.5.1/gems/rake-12.3.1/lib/rake/task.rb:271
  [1m[36mActiveRecord::InternalMetadata Load (1.8ms)[0m  [1m[34mSELECT  "ar_internal_metadata".* FROM "ar_internal_metadata" WHERE "ar_internal_metadata"."key" = ? LIMIT ?[0m  [["key", "environment"], ["LIMIT", 1]]
  ↳ /Users/karlarobinson/.rvm/gems/ruby-2.5.1/gems/rake-12.3.1/lib/rake/task.rb:271
  [1m[35m (0.1ms)[0m  [1m[36mbegin transaction[0m
  ↳ /Users/karlarobinson/.rvm/gems/ruby-2.5.1/gems/rake-12.3.1/lib/rake/task.rb:271
  [1m[35m (0.1ms)[0m  [1m[36mcommit transaction[0m
  ↳ /Users/karlarobinson/.rvm/gems/ruby-2.5.1/gems/rake-12.3.1/lib/rake/task.rb:271
  [1m[35m (0.1ms)[0m  [1m[34mSELECT "schema_migrations"."version" FROM "schema_migrations" ORDER BY "schema_migrations"."version" ASC[0m
  ↳ /Users/karlarobinson/.rvm/gems/ruby-2.5.1/gems/rake-12.3.1/lib/rake/task.rb:271
  [1m[35m (1.6ms)[0m  [1m[34mSELECT "schema_migrations"."version" FROM "schema_migrations" ORDER BY "schema_migrations"."version" ASC[0m
  ↳ /Users/karlarobinson/.rvm/gems/ruby-2.5.1/gems/rake-12.3.1/lib/rake/task.rb:271
  [1m[35m (1.7ms)[0m  [1m[34mSELECT "ar_internal_metadata"."value" FROM "ar_internal_metadata" WHERE "ar_internal_metadata"."key" = ?[0m  [["key", "environment"]]
  ↳ /Users/karlarobinson/.rvm/gems/ruby-2.5.1/gems/rake-12.3.1/lib/rake/task.rb:271
  [1m[35m (0.2ms)[0m  [1m[34mSELECT "schema_migrations"."version" FROM "schema_migrations" ORDER BY "schema_migrations"."version" ASC[0m
  ↳ /Users/karlarobinson/.rvm/gems/ruby-2.5.1/gems/rake-12.3.1/lib/rake/task.rb:271
  [1m[35m (0.2ms)[0m  [1m[34mSELECT "ar_internal_metadata"."value" FROM "ar_internal_metadata" WHERE "ar_internal_metadata"."key" = ?[0m  [["key", "environment"]]
  ↳ /Users/karlarobinson/.rvm/gems/ruby-2.5.1/gems/rake-12.3.1/lib/rake/task.rb:271
  [1m[35m (0.2ms)[0m  [1m[34mSELECT "schema_migrations"."version" FROM "schema_migrations" ORDER BY "schema_migrations"."version" ASC[0m
  ↳ /Users/karlarobinson/.rvm/gems/ruby-2.5.1/gems/rake-12.3.1/lib/rake/task.rb:271
  [1m[35m (0.2ms)[0m  [1m[34mSELECT "ar_internal_metadata"."value" FROM "ar_internal_metadata" WHERE "ar_internal_metadata"."key" = ?[0m  [["key", "environment"]]
  ↳ /Users/karlarobinson/.rvm/gems/ruby-2.5.1/gems/rake-12.3.1/lib/rake/task.rb:271
  [1m[35m (1.2ms)[0m  [1m[34mSELECT sqlite_version(*)[0m
  ↳ /Users/karlarobinson/.rvm/gems/ruby-2.5.1/gems/rake-12.3.1/lib/rake/task.rb:271
  [1m[35m (4.6ms)[0m  [1m[35mCREATE TABLE "schema_migrations" ("version" varchar NOT NULL PRIMARY KEY)[0m
  ↳ /Users/karlarobinson/.rvm/gems/ruby-2.5.1/gems/rake-12.3.1/lib/rake/task.rb:271
  [1m[35m (3.0ms)[0m  [1m[35mCREATE TABLE "ar_internal_metadata" ("key" varchar NOT NULL PRIMARY KEY, "value" varchar, "created_at" datetime NOT NULL, "updated_at" datetime NOT NULL)[0m
  ↳ /Users/karlarobinson/.rvm/gems/ruby-2.5.1/gems/rake-12.3.1/lib/rake/task.rb:271
  [1m[35m (0.1ms)[0m  [1m[34mSELECT "schema_migrations"."version" FROM "schema_migrations" ORDER BY "schema_migrations"."version" ASC[0m
  ↳ /Users/karlarobinson/.rvm/gems/ruby-2.5.1/gems/rake-12.3.1/lib/rake/task.rb:271
Migrating to CreateCompanies (20180901233512)
  [1m[35m (0.2ms)[0m  [1m[36mbegin transaction[0m
  ↳ /Users/karlarobinson/.rvm/gems/ruby-2.5.1/gems/rake-12.3.1/lib/rake/task.rb:271
  [1m[35m (0.9ms)[0m  [1m[35mCREATE TABLE "companies" ("id" integer PRIMARY KEY AUTOINCREMENT NOT NULL, "name" varchar, "category" varchar, "activated" boolean DEFAULT 0, "created_at" datetime NOT NULL, "updated_at" datetime NOT NULL)[0m
  ↳ db/migrate/20180901233512_create_companies.rb:3
  [1m[36mActiveRecord::SchemaMigration Create (0.4ms)[0m  [1m[32mINSERT INTO "schema_migrations" ("version") VALUES (?)[0m  [["version", "20180901233512"]]
  ↳ /Users/karlarobinson/.rvm/gems/ruby-2.5.1/gems/rake-12.3.1/lib/rake/task.rb:271
  [1m[35m (3.0ms)[0m  [1m[36mcommit transaction[0m
  ↳ /Users/karlarobinson/.rvm/gems/ruby-2.5.1/gems/rake-12.3.1/lib/rake/task.rb:271
Migrating to CreateCharges (20180901233919)
  [1m[35m (0.1ms)[0m  [1m[36mbegin transaction[0m
  ↳ /Users/karlarobinson/.rvm/gems/ruby-2.5.1/gems/rake-12.3.1/lib/rake/task.rb:271
  [1m[35m (0.9ms)[0m  [1m[35mCREATE TABLE "charges" ("id" integer PRIMARY KEY AUTOINCREMENT NOT NULL, "amount" integer, "payment_type" varchar, "detail" varchar, "company_id" integer, "created_at" datetime NOT NULL, "updated_at" datetime NOT NULL, CONSTRAINT "fk_rails_0c4e0bbbf9"
FOREIGN KEY ("company_id")
  REFERENCES "companies" ("id")
)[0m
  ↳ db/migrate/20180901233919_create_charges.rb:3
  [1m[35m (0.2ms)[0m  [1m[35mCREATE  INDEX "index_charges_on_company_id" ON "charges" ("company_id")[0m
  ↳ db/migrate/20180901233919_create_charges.rb:3
  [1m[36mActiveRecord::SchemaMigration Create (0.5ms)[0m  [1m[32mINSERT INTO "schema_migrations" ("version") VALUES (?)[0m  [["version", "20180901233919"]]
  ↳ /Users/karlarobinson/.rvm/gems/ruby-2.5.1/gems/rake-12.3.1/lib/rake/task.rb:271
  [1m[35m (2.2ms)[0m  [1m[36mcommit transaction[0m
  ↳ /Users/karlarobinson/.rvm/gems/ruby-2.5.1/gems/rake-12.3.1/lib/rake/task.rb:271
Migrating to CreateCustomers (20180901233932)
  [1m[35m (0.1ms)[0m  [1m[36mbegin transaction[0m
  ↳ /Users/karlarobinson/.rvm/gems/ruby-2.5.1/gems/rake-12.3.1/lib/rake/task.rb:271
  [1m[35m (0.5ms)[0m  [1m[35mCREATE TABLE "customers" ("id" integer PRIMARY KEY AUTOINCREMENT NOT NULL, "name" varchar, "email" varchar, "company_id" integer, "created_at" datetime NOT NULL, "updated_at" datetime NOT NULL, CONSTRAINT "fk_rails_ef51a916ef"
FOREIGN KEY ("company_id")
  REFERENCES "companies" ("id")
)[0m
  ↳ db/migrate/20180901233932_create_customers.rb:3
  [1m[35m (0.1ms)[0m  [1m[35mCREATE  INDEX "index_customers_on_company_id" ON "customers" ("company_id")[0m
  ↳ db/migrate/20180901233932_create_customers.rb:3
  [1m[36mActiveRecord::SchemaMigration Create (0.4ms)[0m  [1m[32mINSERT INTO "schema_migrations" ("version") VALUES (?)[0m  [["version", "20180901233932"]]
  ↳ /Users/karlarobinson/.rvm/gems/ruby-2.5.1/gems/rake-12.3.1/lib/rake/task.rb:271
  [1m[35m (3.5ms)[0m  [1m[36mcommit transaction[0m
  ↳ /Users/karlarobinson/.rvm/gems/ruby-2.5.1/gems/rake-12.3.1/lib/rake/task.rb:271
  [1m[36mActiveRecord::InternalMetadata Load (0.2ms)[0m  [1m[34mSELECT  "ar_internal_metadata".* FROM "ar_internal_metadata" WHERE "ar_internal_metadata"."key" = ? LIMIT ?[0m  [["key", "environment"], ["LIMIT", 1]]
  ↳ /Users/karlarobinson/.rvm/gems/ruby-2.5.1/gems/rake-12.3.1/lib/rake/task.rb:271
  [1m[35m (0.2ms)[0m  [1m[36mbegin transaction[0m
  ↳ /Users/karlarobinson/.rvm/gems/ruby-2.5.1/gems/rake-12.3.1/lib/rake/task.rb:271
  [1m[36mActiveRecord::InternalMetadata Create (0.7ms)[0m  [1m[32mINSERT INTO "ar_internal_metadata" ("key", "value", "created_at", "updated_at") VALUES (?, ?, ?, ?)[0m  [["key", "environment"], ["value", "development"], ["created_at", "2018-09-02 16:43:00.141532"], ["updated_at", "2018-09-02 16:43:00.141532"]]
  ↳ /Users/karlarobinson/.rvm/gems/ruby-2.5.1/gems/rake-12.3.1/lib/rake/task.rb:271
  [1m[35m (2.1ms)[0m  [1m[36mcommit transaction[0m
  ↳ /Users/karlarobinson/.rvm/gems/ruby-2.5.1/gems/rake-12.3.1/lib/rake/task.rb:271
  [1m[35m (0.1ms)[0m  [1m[34mSELECT "schema_migrations"."version" FROM "schema_migrations" ORDER BY "schema_migrations"."version" ASC[0m
  ↳ /Users/karlarobinson/.rvm/gems/ruby-2.5.1/gems/rake-12.3.1/lib/rake/task.rb:271
  [1m[35m (0.3ms)[0m  [1m[34mSELECT "schema_migrations"."version" FROM "schema_migrations" ORDER BY "schema_migrations"."version" ASC[0m
  ↳ /Users/karlarobinson/.rvm/gems/ruby-2.5.1/gems/rake-12.3.1/lib/rake/task.rb:271
  [1m[35m (1.9ms)[0m  [1m[34mSELECT "ar_internal_metadata"."value" FROM "ar_internal_metadata" WHERE "ar_internal_metadata"."key" = ?[0m  [["key", "environment"]]
  ↳ /Users/karlarobinson/.rvm/gems/ruby-2.5.1/gems/rake-12.3.1/lib/rake/task.rb:271
  [1m[35m (0.1ms)[0m  [1m[34mSELECT "schema_migrations"."version" FROM "schema_migrations" ORDER BY "schema_migrations"."version" ASC[0m
  ↳ /Users/karlarobinson/.rvm/gems/ruby-2.5.1/gems/rake-12.3.1/lib/rake/task.rb:271
  [1m[35m (0.1ms)[0m  [1m[34mSELECT "ar_internal_metadata"."value" FROM "ar_internal_metadata" WHERE "ar_internal_metadata"."key" = ?[0m  [["key", "environment"]]
  ↳ /Users/karlarobinson/.rvm/gems/ruby-2.5.1/gems/rake-12.3.1/lib/rake/task.rb:271
  [1m[35m (0.1ms)[0m  [1m[34mSELECT "schema_migrations"."version" FROM "schema_migrations" ORDER BY "schema_migrations"."version" ASC[0m
  ↳ /Users/karlarobinson/.rvm/gems/ruby-2.5.1/gems/rake-12.3.1/lib/rake/task.rb:271
  [1m[35m (0.2ms)[0m  [1m[34mSELECT "ar_internal_metadata"."value" FROM "ar_internal_metadata" WHERE "ar_internal_metadata"."key" = ?[0m  [["key", "environment"]]
  ↳ /Users/karlarobinson/.rvm/gems/ruby-2.5.1/gems/rake-12.3.1/lib/rake/task.rb:271
  [1m[35m (0.2ms)[0m  [1m[34mSELECT sqlite_version(*)[0m
  ↳ /Users/karlarobinson/.rvm/gems/ruby-2.5.1/gems/rake-12.3.1/lib/rake/task.rb:271
  [1m[35m (3.2ms)[0m  [1m[35mCREATE TABLE "schema_migrations" ("version" varchar NOT NULL PRIMARY KEY)[0m
  ↳ /Users/karlarobinson/.rvm/gems/ruby-2.5.1/gems/rake-12.3.1/lib/rake/task.rb:271
  [1m[35m (5.1ms)[0m  [1m[35mCREATE TABLE "ar_internal_metadata" ("key" varchar NOT NULL PRIMARY KEY, "value" varchar, "created_at" datetime NOT NULL, "updated_at" datetime NOT NULL)[0m
  ↳ /Users/karlarobinson/.rvm/gems/ruby-2.5.1/gems/rake-12.3.1/lib/rake/task.rb:271
  [1m[35m (0.3ms)[0m  [1m[34mSELECT "schema_migrations"."version" FROM "schema_migrations" ORDER BY "schema_migrations"."version" ASC[0m
  ↳ /Users/karlarobinson/.rvm/gems/ruby-2.5.1/gems/rake-12.3.1/lib/rake/task.rb:271
Migrating to CreateCompanies (20180901233512)
  [1m[35m (0.2ms)[0m  [1m[36mbegin transaction[0m
  ↳ /Users/karlarobinson/.rvm/gems/ruby-2.5.1/gems/rake-12.3.1/lib/rake/task.rb:271
  [1m[35m (0.5ms)[0m  [1m[35mCREATE TABLE "companies" ("id" integer PRIMARY KEY AUTOINCREMENT NOT NULL, "name" varchar, "category" varchar, "activated" boolean DEFAULT 0, "created_at" datetime NOT NULL, "updated_at" datetime NOT NULL)[0m
  ↳ db/migrate/20180901233512_create_companies.rb:3
  [1m[36mActiveRecord::SchemaMigration Create (0.2ms)[0m  [1m[32mINSERT INTO "schema_migrations" ("version") VALUES (?)[0m  [["version", "20180901233512"]]
  ↳ /Users/karlarobinson/.rvm/gems/ruby-2.5.1/gems/rake-12.3.1/lib/rake/task.rb:271
  [1m[35m (2.1ms)[0m  [1m[36mcommit transaction[0m
  ↳ /Users/karlarobinson/.rvm/gems/ruby-2.5.1/gems/rake-12.3.1/lib/rake/task.rb:271
Migrating to CreateCharges (20180901233919)
  [1m[35m (0.1ms)[0m  [1m[36mbegin transaction[0m
  ↳ /Users/karlarobinson/.rvm/gems/ruby-2.5.1/gems/rake-12.3.1/lib/rake/task.rb:271
  [1m[35m (0.5ms)[0m  [1m[35mCREATE TABLE "charges" ("id" integer PRIMARY KEY AUTOINCREMENT NOT NULL, "amount" integer(8), "payment_type" varchar, "detail" varchar, "company_id" integer, "created_at" datetime NOT NULL, "updated_at" datetime NOT NULL, CONSTRAINT "fk_rails_0c4e0bbbf9"
FOREIGN KEY ("company_id")
  REFERENCES "companies" ("id")
)[0m
  ↳ db/migrate/20180901233919_create_charges.rb:3
  [1m[35m (0.1ms)[0m  [1m[35mCREATE  INDEX "index_charges_on_company_id" ON "charges" ("company_id")[0m
  ↳ db/migrate/20180901233919_create_charges.rb:3
  [1m[36mActiveRecord::SchemaMigration Create (0.2ms)[0m  [1m[32mINSERT INTO "schema_migrations" ("version") VALUES (?)[0m  [["version", "20180901233919"]]
  ↳ /Users/karlarobinson/.rvm/gems/ruby-2.5.1/gems/rake-12.3.1/lib/rake/task.rb:271
  [1m[35m (2.1ms)[0m  [1m[36mcommit transaction[0m
  ↳ /Users/karlarobinson/.rvm/gems/ruby-2.5.1/gems/rake-12.3.1/lib/rake/task.rb:271
Migrating to CreateCustomers (20180901233932)
  [1m[35m (0.2ms)[0m  [1m[36mbegin transaction[0m
  ↳ /Users/karlarobinson/.rvm/gems/ruby-2.5.1/gems/rake-12.3.1/lib/rake/task.rb:271
  [1m[35m (0.5ms)[0m  [1m[35mCREATE TABLE "customers" ("id" integer PRIMARY KEY AUTOINCREMENT NOT NULL, "name" varchar, "email" varchar, "company_id" integer, "created_at" datetime NOT NULL, "updated_at" datetime NOT NULL, CONSTRAINT "fk_rails_ef51a916ef"
FOREIGN KEY ("company_id")
  REFERENCES "companies" ("id")
)[0m
  ↳ db/migrate/20180901233932_create_customers.rb:3
  [1m[35m (0.1ms)[0m  [1m[35mCREATE  INDEX "index_customers_on_company_id" ON "customers" ("company_id")[0m
  ↳ db/migrate/20180901233932_create_customers.rb:3
  [1m[36mActiveRecord::SchemaMigration Create (0.2ms)[0m  [1m[32mINSERT INTO "schema_migrations" ("version") VALUES (?)[0m  [["version", "20180901233932"]]
  ↳ /Users/karlarobinson/.rvm/gems/ruby-2.5.1/gems/rake-12.3.1/lib/rake/task.rb:271
  [1m[35m (1.9ms)[0m  [1m[36mcommit transaction[0m
  ↳ /Users/karlarobinson/.rvm/gems/ruby-2.5.1/gems/rake-12.3.1/lib/rake/task.rb:271
  [1m[36mActiveRecord::InternalMetadata Load (0.6ms)[0m  [1m[34mSELECT  "ar_internal_metadata".* FROM "ar_internal_metadata" WHERE "ar_internal_metadata"."key" = ? LIMIT ?[0m  [["key", "environment"], ["LIMIT", 1]]
  ↳ /Users/karlarobinson/.rvm/gems/ruby-2.5.1/gems/rake-12.3.1/lib/rake/task.rb:271
  [1m[35m (0.0ms)[0m  [1m[36mbegin transaction[0m
  ↳ /Users/karlarobinson/.rvm/gems/ruby-2.5.1/gems/rake-12.3.1/lib/rake/task.rb:271
  [1m[36mActiveRecord::InternalMetadata Create (0.3ms)[0m  [1m[32mINSERT INTO "ar_internal_metadata" ("key", "value", "created_at", "updated_at") VALUES (?, ?, ?, ?)[0m  [["key", "environment"], ["value", "development"], ["created_at", "2018-09-02 18:33:28.763916"], ["updated_at", "2018-09-02 18:33:28.763916"]]
  ↳ /Users/karlarobinson/.rvm/gems/ruby-2.5.1/gems/rake-12.3.1/lib/rake/task.rb:271
  [1m[35m (2.1ms)[0m  [1m[36mcommit transaction[0m
  ↳ /Users/karlarobinson/.rvm/gems/ruby-2.5.1/gems/rake-12.3.1/lib/rake/task.rb:271
  [1m[35m (0.1ms)[0m  [1m[34mSELECT "schema_migrations"."version" FROM "schema_migrations" ORDER BY "schema_migrations"."version" ASC[0m
  ↳ /Users/karlarobinson/.rvm/gems/ruby-2.5.1/gems/rake-12.3.1/lib/rake/task.rb:271
Started GET "/companies" for 127.0.0.1 at 2018-09-02 13:48:39 -0500
  [1m[35m (0.3ms)[0m  [1m[34mSELECT "schema_migrations"."version" FROM "schema_migrations" ORDER BY "schema_migrations"."version" ASC[0m
  ↳ /Users/karlarobinson/.rvm/gems/ruby-2.5.1/gems/puma-3.12.0/lib/puma/configuration.rb:225
Processing by CompaniesController#index as HTML
  [1m[36mCompany Load (1.2ms)[0m  [1m[34mSELECT "companies".* FROM "companies"[0m
  ↳ app/controllers/concerns/response.rb:3
Completed 200 OK in 28ms (Views: 2.0ms | ActiveRecord: 1.6ms)


Started GET "/favicon.ico" for 127.0.0.1 at 2018-09-02 13:48:41 -0500
  
ActionController::RoutingError (No route matches [GET] "/favicon.ico"):
  
actionpack (5.2.1) lib/action_dispatch/middleware/debug_exceptions.rb:65:in `call'
actionpack (5.2.1) lib/action_dispatch/middleware/show_exceptions.rb:33:in `call'
railties (5.2.1) lib/rails/rack/logger.rb:38:in `call_app'
railties (5.2.1) lib/rails/rack/logger.rb:26:in `block in call'
activesupport (5.2.1) lib/active_support/tagged_logging.rb:71:in `block in tagged'
activesupport (5.2.1) lib/active_support/tagged_logging.rb:28:in `tagged'
activesupport (5.2.1) lib/active_support/tagged_logging.rb:71:in `tagged'
railties (5.2.1) lib/rails/rack/logger.rb:26:in `call'
actionpack (5.2.1) lib/action_dispatch/middleware/remote_ip.rb:81:in `call'
actionpack (5.2.1) lib/action_dispatch/middleware/request_id.rb:27:in `call'
rack (2.0.5) lib/rack/runtime.rb:22:in `call'
activesupport (5.2.1) lib/active_support/cache/strategy/local_cache_middleware.rb:29:in `call'
actionpack (5.2.1) lib/action_dispatch/middleware/executor.rb:14:in `call'
actionpack (5.2.1) lib/action_dispatch/middleware/static.rb:127:in `call'
rack (2.0.5) lib/rack/sendfile.rb:111:in `call'
railties (5.2.1) lib/rails/engine.rb:524:in `call'
puma (3.12.0) lib/puma/configuration.rb:225:in `call'
puma (3.12.0) lib/puma/server.rb:658:in `handle_request'
puma (3.12.0) lib/puma/server.rb:472:in `process_client'
puma (3.12.0) lib/puma/server.rb:332:in `block in run'
puma (3.12.0) lib/puma/thread_pool.rb:133:in `block in spawn_thread'
Started POST "/companies" for 127.0.0.1 at 2018-09-02 13:56:57 -0500
Processing by CompaniesController#create as */*
  Parameters: {"name"=>"Sin delantal", "category"=>"delivery", "company"=>{"name"=>"Sin delantal", "category"=>"delivery"}}
Unpermitted parameter: :company
  [1m[35m (0.1ms)[0m  [1m[36mbegin transaction[0m
  ↳ app/controllers/companies_controller.rb:12
  [1m[36mCompany Create (2.6ms)[0m  [1m[32mINSERT INTO "companies" ("name", "category", "created_at", "updated_at") VALUES (?, ?, ?, ?)[0m  [["name", "Sin delantal"], ["category", "delivery"], ["created_at", "2018-09-02 18:56:57.691865"], ["updated_at", "2018-09-02 18:56:57.691865"]]
  ↳ app/controllers/companies_controller.rb:12
  [1m[35m (2.9ms)[0m  [1m[36mcommit transaction[0m
  ↳ app/controllers/companies_controller.rb:12
Completed 201 Created in 15ms (Views: 0.5ms | ActiveRecord: 6.4ms)


Started GET "/companies" for 127.0.0.1 at 2018-09-02 13:57:05 -0500
Processing by CompaniesController#index as HTML
  [1m[36mCompany Load (0.2ms)[0m  [1m[34mSELECT "companies".* FROM "companies"[0m
  ↳ app/controllers/concerns/response.rb:3
Completed 200 OK in 20ms (Views: 20.0ms | ActiveRecord: 0.2ms)


Started POST "/companies/1/charges" for 127.0.0.1 at 2018-09-02 13:59:12 -0500
  
AbstractController::ActionNotFound (The action 'create' could not be found for ChargesController):
  
actionpack (5.2.1) lib/abstract_controller/base.rb:129:in `process'
actionpack (5.2.1) lib/action_controller/metal.rb:191:in `dispatch'
actionpack (5.2.1) lib/action_controller/metal.rb:252:in `dispatch'
actionpack (5.2.1) lib/action_dispatch/routing/route_set.rb:52:in `dispatch'
actionpack (5.2.1) lib/action_dispatch/routing/route_set.rb:34:in `serve'
actionpack (5.2.1) lib/action_dispatch/journey/router.rb:52:in `block in serve'
actionpack (5.2.1) lib/action_dispatch/journey/router.rb:35:in `each'
actionpack (5.2.1) lib/action_dispatch/journey/router.rb:35:in `serve'
actionpack (5.2.1) lib/action_dispatch/routing/route_set.rb:840:in `call'
rack (2.0.5) lib/rack/etag.rb:25:in `call'
rack (2.0.5) lib/rack/conditional_get.rb:38:in `call'
rack (2.0.5) lib/rack/head.rb:12:in `call'
activerecord (5.2.1) lib/active_record/migration.rb:559:in `call'
actionpack (5.2.1) lib/action_dispatch/middleware/callbacks.rb:28:in `block in call'
activesupport (5.2.1) lib/active_support/callbacks.rb:98:in `run_callbacks'
actionpack (5.2.1) lib/action_dispatch/middleware/callbacks.rb:26:in `call'
actionpack (5.2.1) lib/action_dispatch/middleware/executor.rb:14:in `call'
actionpack (5.2.1) lib/action_dispatch/middleware/debug_exceptions.rb:61:in `call'
actionpack (5.2.1) lib/action_dispatch/middleware/show_exceptions.rb:33:in `call'
railties (5.2.1) lib/rails/rack/logger.rb:38:in `call_app'
railties (5.2.1) lib/rails/rack/logger.rb:26:in `block in call'
activesupport (5.2.1) lib/active_support/tagged_logging.rb:71:in `block in tagged'
activesupport (5.2.1) lib/active_support/tagged_logging.rb:28:in `tagged'
activesupport (5.2.1) lib/active_support/tagged_logging.rb:71:in `tagged'
railties (5.2.1) lib/rails/rack/logger.rb:26:in `call'
actionpack (5.2.1) lib/action_dispatch/middleware/remote_ip.rb:81:in `call'
actionpack (5.2.1) lib/action_dispatch/middleware/request_id.rb:27:in `call'
rack (2.0.5) lib/rack/runtime.rb:22:in `call'
activesupport (5.2.1) lib/active_support/cache/strategy/local_cache_middleware.rb:29:in `call'
actionpack (5.2.1) lib/action_dispatch/middleware/executor.rb:14:in `call'
actionpack (5.2.1) lib/action_dispatch/middleware/static.rb:127:in `call'
rack (2.0.5) lib/rack/sendfile.rb:111:in `call'
railties (5.2.1) lib/rails/engine.rb:524:in `call'
puma (3.12.0) lib/puma/configuration.rb:225:in `call'
puma (3.12.0) lib/puma/server.rb:658:in `handle_request'
puma (3.12.0) lib/puma/server.rb:472:in `process_client'
puma (3.12.0) lib/puma/server.rb:332:in `block in run'
puma (3.12.0) lib/puma/thread_pool.rb:133:in `block in spawn_thread'
Started GET "/companies/1" for 127.0.0.1 at 2018-09-02 13:59:28 -0500
Processing by CompaniesController#show as HTML
  Parameters: {"id"=>"1"}
  [1m[36mCompany Load (0.3ms)[0m  [1m[34mSELECT  "companies".* FROM "companies" WHERE "companies"."id" = ? LIMIT ?[0m  [["id", 1], ["LIMIT", 1]]
  ↳ app/controllers/companies_controller.rb:41
Completed 200 OK in 7ms (Views: 0.4ms | ActiveRecord: 0.3ms)


Started GET "/companies/1/charges" for 127.0.0.1 at 2018-09-02 13:59:31 -0500
  
AbstractController::ActionNotFound (The action 'index' could not be found for ChargesController):
  
actionpack (5.2.1) lib/abstract_controller/base.rb:129:in `process'
actionpack (5.2.1) lib/action_controller/metal.rb:191:in `dispatch'
actionpack (5.2.1) lib/action_controller/metal.rb:252:in `dispatch'
actionpack (5.2.1) lib/action_dispatch/routing/route_set.rb:52:in `dispatch'
actionpack (5.2.1) lib/action_dispatch/routing/route_set.rb:34:in `serve'
actionpack (5.2.1) lib/action_dispatch/journey/router.rb:52:in `block in serve'
actionpack (5.2.1) lib/action_dispatch/journey/router.rb:35:in `each'
actionpack (5.2.1) lib/action_dispatch/journey/router.rb:35:in `serve'
actionpack (5.2.1) lib/action_dispatch/routing/route_set.rb:840:in `call'
rack (2.0.5) lib/rack/etag.rb:25:in `call'
rack (2.0.5) lib/rack/conditional_get.rb:25:in `call'
rack (2.0.5) lib/rack/head.rb:12:in `call'
activerecord (5.2.1) lib/active_record/migration.rb:559:in `call'
actionpack (5.2.1) lib/action_dispatch/middleware/callbacks.rb:28:in `block in call'
activesupport (5.2.1) lib/active_support/callbacks.rb:98:in `run_callbacks'
actionpack (5.2.1) lib/action_dispatch/middleware/callbacks.rb:26:in `call'
actionpack (5.2.1) lib/action_dispatch/middleware/executor.rb:14:in `call'
actionpack (5.2.1) lib/action_dispatch/middleware/debug_exceptions.rb:61:in `call'
actionpack (5.2.1) lib/action_dispatch/middleware/show_exceptions.rb:33:in `call'
railties (5.2.1) lib/rails/rack/logger.rb:38:in `call_app'
railties (5.2.1) lib/rails/rack/logger.rb:26:in `block in call'
activesupport (5.2.1) lib/active_support/tagged_logging.rb:71:in `block in tagged'
activesupport (5.2.1) lib/active_support/tagged_logging.rb:28:in `tagged'
activesupport (5.2.1) lib/active_support/tagged_logging.rb:71:in `tagged'
railties (5.2.1) lib/rails/rack/logger.rb:26:in `call'
actionpack (5.2.1) lib/action_dispatch/middleware/remote_ip.rb:81:in `call'
actionpack (5.2.1) lib/action_dispatch/middleware/request_id.rb:27:in `call'
rack (2.0.5) lib/rack/runtime.rb:22:in `call'
activesupport (5.2.1) lib/active_support/cache/strategy/local_cache_middleware.rb:29:in `call'
actionpack (5.2.1) lib/action_dispatch/middleware/executor.rb:14:in `call'
actionpack (5.2.1) lib/action_dispatch/middleware/static.rb:127:in `call'
rack (2.0.5) lib/rack/sendfile.rb:111:in `call'
railties (5.2.1) lib/rails/engine.rb:524:in `call'
puma (3.12.0) lib/puma/configuration.rb:225:in `call'
puma (3.12.0) lib/puma/server.rb:658:in `handle_request'
puma (3.12.0) lib/puma/server.rb:472:in `process_client'
puma (3.12.0) lib/puma/server.rb:332:in `block in run'
puma (3.12.0) lib/puma/thread_pool.rb:133:in `block in spawn_thread'
Started POST "/companies/1/charges" for 127.0.0.1 at 2018-09-02 13:59:59 -0500
Processing by ChargesController#create as */*
  Parameters: {"amount"=>"1000", "payment_type"=>"oxxo", "company_id"=>"1", "charge"=>{"amount"=>"1000", "payment_type"=>"oxxo"}}
  [1m[36mCompany Load (0.2ms)[0m  [1m[34mSELECT  "companies".* FROM "companies" WHERE "companies"."id" = ? LIMIT ?[0m  [["id", 1], ["LIMIT", 1]]
  ↳ app/controllers/charges_controller.rb:40
Unpermitted parameters: :company_id, :charge
  [1m[35m (0.1ms)[0m  [1m[36mbegin transaction[0m
  ↳ app/controllers/charges_controller.rb:17
  [1m[36mCharge Create (1.5ms)[0m  [1m[32mINSERT INTO "charges" ("amount", "payment_type", "company_id", "created_at", "updated_at") VALUES (?, ?, ?, ?, ?)[0m  [["amount", 1000], ["payment_type", "oxxo"], ["company_id", 1], ["created_at", "2018-09-02 18:59:59.286566"], ["updated_at", "2018-09-02 18:59:59.286566"]]
  ↳ app/controllers/charges_controller.rb:17
  [1m[35m (2.0ms)[0m  [1m[36mcommit transaction[0m
  ↳ app/controllers/charges_controller.rb:17
Completed 201 Created in 104ms (Views: 0.4ms | ActiveRecord: 6.3ms)


Started GET "/companies/1/charges" for 127.0.0.1 at 2018-09-02 14:00:04 -0500
Processing by ChargesController#index as HTML
  Parameters: {"company_id"=>"1"}
  [1m[36mCompany Load (0.1ms)[0m  [1m[34mSELECT  "companies".* FROM "companies" WHERE "companies"."id" = ? LIMIT ?[0m  [["id", 1], ["LIMIT", 1]]
  ↳ app/controllers/charges_controller.rb:40
  [1m[36mCharge Load (0.2ms)[0m  [1m[34mSELECT "charges".* FROM "charges" WHERE "charges"."company_id" = ?[0m  [["company_id", 1]]
  ↳ app/controllers/concerns/response.rb:3
Completed 200 OK in 3ms (Views: 1.6ms | ActiveRecord: 0.3ms)


Started POST "/companies" for 127.0.0.1 at 2018-09-02 21:38:43 -0500
  [1m[35m (0.4ms)[0m  [1m[34mSELECT "schema_migrations"."version" FROM "schema_migrations" ORDER BY "schema_migrations"."version" ASC[0m
  ↳ /Users/karlarobinson/.rvm/gems/ruby-2.5.1/gems/puma-3.12.0/lib/puma/configuration.rb:225
Processing by CompaniesController#create as */*
  Parameters: {"name"=>"Envia Ya", "category"=>"delivery", "company"=>{"name"=>"Envia Ya", "category"=>"delivery"}}
Unpermitted parameter: :company
  [1m[35m (0.1ms)[0m  [1m[36mbegin transaction[0m
  ↳ app/controllers/companies_controller.rb:12
  [1m[36mCompany Create (2.0ms)[0m  [1m[32mINSERT INTO "companies" ("name", "category", "created_at", "updated_at") VALUES (?, ?, ?, ?)[0m  [["name", "Envia Ya"], ["category", "delivery"], ["created_at", "2018-09-03 02:38:45.036033"], ["updated_at", "2018-09-03 02:38:45.036033"]]
  ↳ app/controllers/companies_controller.rb:12
  [1m[35m (2.6ms)[0m  [1m[36mcommit transaction[0m
  ↳ app/controllers/companies_controller.rb:12
Completed 201 Created in 19ms (Views: 0.7ms | ActiveRecord: 6.1ms)


Started POST "/companies/1/charges" for 127.0.0.1 at 2018-09-02 21:38:52 -0500
Processing by ChargesController#create as */*
  Parameters: {"amount"=>"1000", "payment_type"=>"oxxo", "company_id"=>"1", "charge"=>{"amount"=>"1000", "payment_type"=>"oxxo"}}
  [1m[36mCompany Load (0.2ms)[0m  [1m[34mSELECT  "companies".* FROM "companies" WHERE "companies"."id" = ? LIMIT ?[0m  [["id", 1], ["LIMIT", 1]]
  ↳ app/controllers/charges_controller.rb:40
Unpermitted parameters: :company_id, :charge
  [1m[35m (0.1ms)[0m  [1m[36mbegin transaction[0m
  ↳ app/controllers/charges_controller.rb:17
  [1m[36mCharge Create (1.3ms)[0m  [1m[32mINSERT INTO "charges" ("amount", "payment_type", "company_id", "created_at", "updated_at") VALUES (?, ?, ?, ?, ?)[0m  [["amount", 1000], ["payment_type", "oxxo"], ["company_id", 1], ["created_at", "2018-09-03 02:38:52.947361"], ["updated_at", "2018-09-03 02:38:52.947361"]]
  ↳ app/controllers/charges_controller.rb:17
  [1m[35m (1.6ms)[0m  [1m[36mcommit transaction[0m
  ↳ app/controllers/charges_controller.rb:17
Completed 201 Created in 115ms (Views: 0.5ms | ActiveRecord: 3.9ms)


Started POST "/companies/1/customers" for 127.0.0.1 at 2018-09-02 21:38:59 -0500
Processing by CustomersController#create as */*
  Parameters: {"name"=>"Jane Doe", "email"=>"jane@gmail.com", "company_id"=>"1", "customer"=>{"name"=>"Jane Doe", "email"=>"jane@gmail.com"}}
  [1m[36mCompany Load (0.1ms)[0m  [1m[34mSELECT  "companies".* FROM "companies" WHERE "companies"."id" = ? LIMIT ?[0m  [["id", 1], ["LIMIT", 1]]
  ↳ app/controllers/customers_controller.rb:40
Unpermitted parameters: :company_id, :customer
  [1m[35m (0.1ms)[0m  [1m[36mbegin transaction[0m
  ↳ app/controllers/customers_controller.rb:17
  [1m[36mCustomer Create (0.7ms)[0m  [1m[32mINSERT INTO "customers" ("name", "email", "company_id", "created_at", "updated_at") VALUES (?, ?, ?, ?, ?)[0m  [["name", "Jane Doe"], ["email", "jane@gmail.com"], ["company_id", 1], ["created_at", "2018-09-03 02:38:59.515167"], ["updated_at", "2018-09-03 02:38:59.515167"]]
  ↳ app/controllers/customers_controller.rb:17
  [1m[35m (1.9ms)[0m  [1m[36mcommit transaction[0m
  ↳ app/controllers/customers_controller.rb:17
Completed 201 Created in 14ms (Views: 0.5ms | ActiveRecord: 4.5ms)


Started GET "/companies/1/charges" for 127.0.0.1 at 2018-09-02 21:39:26 -0500
Processing by ChargesController#index as HTML
  Parameters: {"company_id"=>"1"}
  [1m[36mCompany Load (0.3ms)[0m  [1m[34mSELECT  "companies".* FROM "companies" WHERE "companies"."id" = ? LIMIT ?[0m  [["id", 1], ["LIMIT", 1]]
  ↳ app/controllers/charges_controller.rb:40
  [1m[36mCharge Load (0.2ms)[0m  [1m[34mSELECT "charges".* FROM "charges" WHERE "charges"."company_id" = ?[0m  [["company_id", 1]]
  ↳ app/controllers/concerns/response.rb:3
Completed 200 OK in 4ms (Views: 1.9ms | ActiveRecord: 0.5ms)


Started GET "/companies" for 127.0.0.1 at 2018-09-02 21:39:29 -0500
Processing by CompaniesController#index as HTML
  [1m[36mCompany Load (0.9ms)[0m  [1m[34mSELECT "companies".* FROM "companies"[0m
  ↳ app/controllers/concerns/response.rb:3
Completed 200 OK in 3ms (Views: 1.5ms | ActiveRecord: 0.9ms)


Started GET "/companies/2" for 127.0.0.1 at 2018-09-02 21:39:44 -0500
Processing by CompaniesController#show as HTML
  Parameters: {"id"=>"2"}
  [1m[36mCompany Load (0.1ms)[0m  [1m[34mSELECT  "companies".* FROM "companies" WHERE "companies"."id" = ? LIMIT ?[0m  [["id", 2], ["LIMIT", 1]]
  ↳ app/controllers/companies_controller.rb:41
Completed 200 OK in 1ms (Views: 0.3ms | ActiveRecord: 0.1ms)


Started GET "/companies/2/customers" for 127.0.0.1 at 2018-09-02 21:40:53 -0500
Processing by CustomersController#index as HTML
  Parameters: {"company_id"=>"2"}
  [1m[36mCompany Load (0.1ms)[0m  [1m[34mSELECT  "companies".* FROM "companies" WHERE "companies"."id" = ? LIMIT ?[0m  [["id", 2], ["LIMIT", 1]]
  ↳ app/controllers/customers_controller.rb:40
  [1m[36mCustomer Load (0.2ms)[0m  [1m[34mSELECT "customers".* FROM "customers" WHERE "customers"."company_id" = ?[0m  [["company_id", 2]]
  ↳ app/controllers/concerns/response.rb:3
Completed 200 OK in 2ms (Views: 1.0ms | ActiveRecord: 0.3ms)


Started GET "/companies/2/charges" for 127.0.0.1 at 2018-09-02 21:40:57 -0500
Processing by ChargesController#index as HTML
  Parameters: {"company_id"=>"2"}
  [1m[36mCompany Load (0.2ms)[0m  [1m[34mSELECT  "companies".* FROM "companies" WHERE "companies"."id" = ? LIMIT ?[0m  [["id", 2], ["LIMIT", 1]]
  ↳ app/controllers/charges_controller.rb:40
  [1m[36mCharge Load (0.1ms)[0m  [1m[34mSELECT "charges".* FROM "charges" WHERE "charges"."company_id" = ?[0m  [["company_id", 2]]
  ↳ app/controllers/concerns/response.rb:3
Completed 200 OK in 2ms (Views: 0.7ms | ActiveRecord: 0.3ms)


  [1m[35m (0.3ms)[0m  [1m[34mSELECT "schema_migrations"."version" FROM "schema_migrations" ORDER BY "schema_migrations"."version" ASC[0m
  ↳ /Users/karlarobinson/.rvm/gems/ruby-2.5.1/gems/rake-12.3.1/lib/rake/task.rb:271
  [1m[35m (2.2ms)[0m  [1m[34mSELECT "ar_internal_metadata"."value" FROM "ar_internal_metadata" WHERE "ar_internal_metadata"."key" = ?[0m  [["key", "environment"]]
  ↳ /Users/karlarobinson/.rvm/gems/ruby-2.5.1/gems/rake-12.3.1/lib/rake/task.rb:271
  [1m[35m (0.2ms)[0m  [1m[34mSELECT "schema_migrations"."version" FROM "schema_migrations" ORDER BY "schema_migrations"."version" ASC[0m
  ↳ /Users/karlarobinson/.rvm/gems/ruby-2.5.1/gems/rake-12.3.1/lib/rake/task.rb:271
  [1m[35m (0.1ms)[0m  [1m[34mSELECT "ar_internal_metadata"."value" FROM "ar_internal_metadata" WHERE "ar_internal_metadata"."key" = ?[0m  [["key", "environment"]]
  ↳ /Users/karlarobinson/.rvm/gems/ruby-2.5.1/gems/rake-12.3.1/lib/rake/task.rb:271
  [1m[35m (0.1ms)[0m  [1m[34mSELECT "schema_migrations"."version" FROM "schema_migrations" ORDER BY "schema_migrations"."version" ASC[0m
  ↳ /Users/karlarobinson/.rvm/gems/ruby-2.5.1/gems/rake-12.3.1/lib/rake/task.rb:271
  [1m[35m (0.1ms)[0m  [1m[34mSELECT "ar_internal_metadata"."value" FROM "ar_internal_metadata" WHERE "ar_internal_metadata"."key" = ?[0m  [["key", "environment"]]
  ↳ /Users/karlarobinson/.rvm/gems/ruby-2.5.1/gems/rake-12.3.1/lib/rake/task.rb:271
  [1m[35m (0.1ms)[0m  [1m[34mSELECT sqlite_version(*)[0m
  ↳ /Users/karlarobinson/.rvm/gems/ruby-2.5.1/gems/rake-12.3.1/lib/rake/task.rb:271
  [1m[35m (2.6ms)[0m  [1m[35mCREATE TABLE "schema_migrations" ("version" varchar NOT NULL PRIMARY KEY)[0m
  ↳ /Users/karlarobinson/.rvm/gems/ruby-2.5.1/gems/rake-12.3.1/lib/rake/task.rb:271
  [1m[35m (3.9ms)[0m  [1m[35mCREATE TABLE "ar_internal_metadata" ("key" varchar NOT NULL PRIMARY KEY, "value" varchar, "created_at" datetime NOT NULL, "updated_at" datetime NOT NULL)[0m
  ↳ /Users/karlarobinson/.rvm/gems/ruby-2.5.1/gems/rake-12.3.1/lib/rake/task.rb:271
  [1m[35m (0.2ms)[0m  [1m[34mSELECT "schema_migrations"."version" FROM "schema_migrations" ORDER BY "schema_migrations"."version" ASC[0m
  ↳ /Users/karlarobinson/.rvm/gems/ruby-2.5.1/gems/rake-12.3.1/lib/rake/task.rb:271
Migrating to CreateCompanies (20180901233512)
  [1m[35m (0.1ms)[0m  [1m[36mbegin transaction[0m
  ↳ /Users/karlarobinson/.rvm/gems/ruby-2.5.1/gems/rake-12.3.1/lib/rake/task.rb:271
  [1m[35m (0.9ms)[0m  [1m[35mCREATE TABLE "companies" ("id" integer PRIMARY KEY AUTOINCREMENT NOT NULL, "name" varchar, "category" varchar, "activated" boolean DEFAULT 0, "created_at" datetime NOT NULL, "updated_at" datetime NOT NULL)[0m
  ↳ db/migrate/20180901233512_create_companies.rb:3
  [1m[36mActiveRecord::SchemaMigration Create (0.4ms)[0m  [1m[32mINSERT INTO "schema_migrations" ("version") VALUES (?)[0m  [["version", "20180901233512"]]
  ↳ /Users/karlarobinson/.rvm/gems/ruby-2.5.1/gems/rake-12.3.1/lib/rake/task.rb:271
  [1m[35m (2.7ms)[0m  [1m[36mcommit transaction[0m
  ↳ /Users/karlarobinson/.rvm/gems/ruby-2.5.1/gems/rake-12.3.1/lib/rake/task.rb:271
Migrating to CreateCharges (20180901233919)
  [1m[35m (0.2ms)[0m  [1m[36mbegin transaction[0m
  ↳ /Users/karlarobinson/.rvm/gems/ruby-2.5.1/gems/rake-12.3.1/lib/rake/task.rb:271
  [1m[35m (0.9ms)[0m  [1m[35mCREATE TABLE "charges" ("id" integer PRIMARY KEY AUTOINCREMENT NOT NULL, "amount" integer(8), "payment_type" varchar, "detail" varchar, "company_id" integer, "created_at" datetime NOT NULL, "updated_at" datetime NOT NULL, CONSTRAINT "fk_rails_0c4e0bbbf9"
FOREIGN KEY ("company_id")
  REFERENCES "companies" ("id")
)[0m
  ↳ db/migrate/20180901233919_create_charges.rb:3
  [1m[35m (0.2ms)[0m  [1m[35mCREATE  INDEX "index_charges_on_company_id" ON "charges" ("company_id")[0m
  ↳ db/migrate/20180901233919_create_charges.rb:3
  [1m[36mActiveRecord::SchemaMigration Create (0.4ms)[0m  [1m[32mINSERT INTO "schema_migrations" ("version") VALUES (?)[0m  [["version", "20180901233919"]]
  ↳ /Users/karlarobinson/.rvm/gems/ruby-2.5.1/gems/rake-12.3.1/lib/rake/task.rb:271
  [1m[35m (3.2ms)[0m  [1m[36mcommit transaction[0m
  ↳ /Users/karlarobinson/.rvm/gems/ruby-2.5.1/gems/rake-12.3.1/lib/rake/task.rb:271
Migrating to CreateCustomers (20180901233932)
  [1m[35m (0.2ms)[0m  [1m[36mbegin transaction[0m
  ↳ /Users/karlarobinson/.rvm/gems/ruby-2.5.1/gems/rake-12.3.1/lib/rake/task.rb:271
  [1m[35m (0.9ms)[0m  [1m[35mCREATE TABLE "customers" ("id" integer PRIMARY KEY AUTOINCREMENT NOT NULL, "name" varchar, "email" varchar, "company_id" integer, "created_at" datetime NOT NULL, "updated_at" datetime NOT NULL, CONSTRAINT "fk_rails_ef51a916ef"
FOREIGN KEY ("company_id")
  REFERENCES "companies" ("id")
)[0m
  ↳ db/migrate/20180901233932_create_customers.rb:3
  [1m[35m (0.2ms)[0m  [1m[35mCREATE  INDEX "index_customers_on_company_id" ON "customers" ("company_id")[0m
  ↳ db/migrate/20180901233932_create_customers.rb:3
  [1m[36mActiveRecord::SchemaMigration Create (0.2ms)[0m  [1m[32mINSERT INTO "schema_migrations" ("version") VALUES (?)[0m  [["version", "20180901233932"]]
  ↳ /Users/karlarobinson/.rvm/gems/ruby-2.5.1/gems/rake-12.3.1/lib/rake/task.rb:271
  [1m[35m (2.1ms)[0m  [1m[36mcommit transaction[0m
  ↳ /Users/karlarobinson/.rvm/gems/ruby-2.5.1/gems/rake-12.3.1/lib/rake/task.rb:271
  [1m[36mActiveRecord::InternalMetadata Load (0.2ms)[0m  [1m[34mSELECT  "ar_internal_metadata".* FROM "ar_internal_metadata" WHERE "ar_internal_metadata"."key" = ? LIMIT ?[0m  [["key", "environment"], ["LIMIT", 1]]
  ↳ /Users/karlarobinson/.rvm/gems/ruby-2.5.1/gems/rake-12.3.1/lib/rake/task.rb:271
  [1m[35m (0.1ms)[0m  [1m[36mbegin transaction[0m
  ↳ /Users/karlarobinson/.rvm/gems/ruby-2.5.1/gems/rake-12.3.1/lib/rake/task.rb:271
  [1m[36mActiveRecord::InternalMetadata Create (0.3ms)[0m  [1m[32mINSERT INTO "ar_internal_metadata" ("key", "value", "created_at", "updated_at") VALUES (?, ?, ?, ?)[0m  [["key", "environment"], ["value", "development"], ["created_at", "2018-09-03 02:42:56.344062"], ["updated_at", "2018-09-03 02:42:56.344062"]]
  ↳ /Users/karlarobinson/.rvm/gems/ruby-2.5.1/gems/rake-12.3.1/lib/rake/task.rb:271
  [1m[35m (1.8ms)[0m  [1m[36mcommit transaction[0m
  ↳ /Users/karlarobinson/.rvm/gems/ruby-2.5.1/gems/rake-12.3.1/lib/rake/task.rb:271
  [1m[35m (0.1ms)[0m  [1m[34mSELECT "schema_migrations"."version" FROM "schema_migrations" ORDER BY "schema_migrations"."version" ASC[0m
  ↳ /Users/karlarobinson/.rvm/gems/ruby-2.5.1/gems/rake-12.3.1/lib/rake/task.rb:271
Started GET "/companies/" for 127.0.0.1 at 2018-09-02 21:43:00 -0500
Processing by CompaniesController#index as HTML
  [1m[36mCompany Load (0.2ms)[0m  [1m[34mSELECT "companies".* FROM "companies"[0m
  ↳ app/controllers/concerns/response.rb:3
Completed 200 OK in 6ms (Views: 1.2ms | ActiveRecord: 0.4ms)


Started POST "/companies" for 127.0.0.1 at 2018-09-02 21:43:12 -0500
Processing by CompaniesController#create as */*
  Parameters: {"name"=>"Envia Ya", "category"=>"delivery", "company"=>{"name"=>"Envia Ya", "category"=>"delivery"}}
Unpermitted parameter: :company
  [1m[35m (0.1ms)[0m  [1m[36mbegin transaction[0m
  ↳ app/controllers/companies_controller.rb:12
  [1m[36mCompany Create (1.4ms)[0m  [1m[32mINSERT INTO "companies" ("name", "category", "created_at", "updated_at") VALUES (?, ?, ?, ?)[0m  [["name", "Envia Ya"], ["category", "delivery"], ["created_at", "2018-09-03 02:43:12.345080"], ["updated_at", "2018-09-03 02:43:12.345080"]]
  ↳ app/controllers/companies_controller.rb:12
  [1m[35m (1.8ms)[0m  [1m[36mcommit transaction[0m
  ↳ app/controllers/companies_controller.rb:12
Completed 201 Created in 14ms (Views: 1.0ms | ActiveRecord: 3.9ms)


Started POST "/companies/1/charges" for 127.0.0.1 at 2018-09-02 21:43:19 -0500
Processing by ChargesController#create as */*
  Parameters: {"amount"=>"1000", "payment_type"=>"oxxo", "company_id"=>"1", "charge"=>{"amount"=>"1000", "payment_type"=>"oxxo"}}
  [1m[36mCompany Load (0.2ms)[0m  [1m[34mSELECT  "companies".* FROM "companies" WHERE "companies"."id" = ? LIMIT ?[0m  [["id", 1], ["LIMIT", 1]]
  ↳ app/controllers/charges_controller.rb:40
Unpermitted parameters: :company_id, :charge
  [1m[35m (0.0ms)[0m  [1m[36mbegin transaction[0m
  ↳ app/controllers/charges_controller.rb:17
  [1m[36mCharge Create (0.4ms)[0m  [1m[32mINSERT INTO "charges" ("amount", "payment_type", "company_id", "created_at", "updated_at") VALUES (?, ?, ?, ?, ?)[0m  [["amount", 1000], ["payment_type", "oxxo"], ["company_id", 1], ["created_at", "2018-09-03 02:43:19.732874"], ["updated_at", "2018-09-03 02:43:19.732874"]]
  ↳ app/controllers/charges_controller.rb:17
  [1m[35m (2.0ms)[0m  [1m[36mcommit transaction[0m
  ↳ app/controllers/charges_controller.rb:17
Completed 201 Created in 17ms (Views: 0.7ms | ActiveRecord: 3.7ms)


Started POST "/companies/1/customers" for 127.0.0.1 at 2018-09-02 21:43:28 -0500
Processing by CustomersController#create as */*
  Parameters: {"name"=>"Jane Doe", "email"=>"jane@gmail.com", "company_id"=>"1", "customer"=>{"name"=>"Jane Doe", "email"=>"jane@gmail.com"}}
  [1m[36mCompany Load (0.1ms)[0m  [1m[34mSELECT  "companies".* FROM "companies" WHERE "companies"."id" = ? LIMIT ?[0m  [["id", 1], ["LIMIT", 1]]
  ↳ app/controllers/customers_controller.rb:40
Unpermitted parameters: :company_id, :customer
  [1m[35m (0.1ms)[0m  [1m[36mbegin transaction[0m
  ↳ app/controllers/customers_controller.rb:17
  [1m[36mCustomer Create (0.6ms)[0m  [1m[32mINSERT INTO "customers" ("name", "email", "company_id", "created_at", "updated_at") VALUES (?, ?, ?, ?, ?)[0m  [["name", "Jane Doe"], ["email", "jane@gmail.com"], ["company_id", 1], ["created_at", "2018-09-03 02:43:28.807031"], ["updated_at", "2018-09-03 02:43:28.807031"]]
  ↳ app/controllers/customers_controller.rb:17
  [1m[35m (1.8ms)[0m  [1m[36mcommit transaction[0m
  ↳ app/controllers/customers_controller.rb:17
Completed 201 Created in 18ms (Views: 0.6ms | ActiveRecord: 3.2ms)


Started GET "/companies/" for 127.0.0.1 at 2018-09-02 21:43:31 -0500
Processing by CompaniesController#index as HTML
  [1m[36mCompany Load (0.2ms)[0m  [1m[34mSELECT "companies".* FROM "companies"[0m
  ↳ app/controllers/concerns/response.rb:3
Completed 200 OK in 1ms (Views: 0.9ms | ActiveRecord: 0.2ms)


Started GET "/companies/1" for 127.0.0.1 at 2018-09-02 21:43:34 -0500
Processing by CompaniesController#show as HTML
  Parameters: {"id"=>"1"}
  [1m[36mCompany Load (0.1ms)[0m  [1m[34mSELECT  "companies".* FROM "companies" WHERE "companies"."id" = ? LIMIT ?[0m  [["id", 1], ["LIMIT", 1]]
  ↳ app/controllers/companies_controller.rb:41
Completed 200 OK in 2ms (Views: 0.3ms | ActiveRecord: 0.1ms)


Started GET "/companies/1/customers" for 127.0.0.1 at 2018-09-02 21:43:38 -0500
Processing by CustomersController#index as HTML
  Parameters: {"company_id"=>"1"}
  [1m[36mCompany Load (0.3ms)[0m  [1m[34mSELECT  "companies".* FROM "companies" WHERE "companies"."id" = ? LIMIT ?[0m  [["id", 1], ["LIMIT", 1]]
  ↳ app/controllers/customers_controller.rb:40
  [1m[36mCustomer Load (0.2ms)[0m  [1m[34mSELECT "customers".* FROM "customers" WHERE "customers"."company_id" = ?[0m  [["company_id", 1]]
  ↳ app/controllers/concerns/response.rb:3
Completed 200 OK in 3ms (Views: 1.5ms | ActiveRecord: 0.4ms)


Started GET "/companies/1/charges" for 127.0.0.1 at 2018-09-02 21:43:43 -0500
Processing by ChargesController#index as HTML
  Parameters: {"company_id"=>"1"}
  [1m[36mCompany Load (0.1ms)[0m  [1m[34mSELECT  "companies".* FROM "companies" WHERE "companies"."id" = ? LIMIT ?[0m  [["id", 1], ["LIMIT", 1]]
  ↳ app/controllers/charges_controller.rb:40
  [1m[36mCharge Load (0.1ms)[0m  [1m[34mSELECT "charges".* FROM "charges" WHERE "charges"."company_id" = ?[0m  [["company_id", 1]]
  ↳ app/controllers/concerns/response.rb:3
Completed 200 OK in 3ms (Views: 1.4ms | ActiveRecord: 0.3ms)


